  SuperSet.cpp
  Generating Code...
  Compiling...
  SuperSetDriver.cpp
c:\users\mitchell.nye\documents\visual studio 2017\projects\new folder\doublelist.h(39): error C2995: 'DoubleList<T>::DoubleList(void)': function template has already been defined
  c:\users\mitchell.nye\documents\visual studio 2017\projects\new folder\doublelist.h(7): note: see declaration of 'DoubleList<T>::DoubleList'
c:\users\mitchell.nye\documents\visual studio 2017\projects\new folder\doublelist.h(52): error C2995: 'DoubleList<T>::~DoubleList(void)': function template has already been defined
  c:\users\mitchell.nye\documents\visual studio 2017\projects\new folder\doublelist.h(8): note: see declaration of 'DoubleList<T>::~DoubleList'
c:\users\mitchell.nye\documents\visual studio 2017\projects\new folder\doublelist.h(84): error C2995: 'void DoubleList<T>::insert(T *)': function template has already been defined
  c:\users\mitchell.nye\documents\visual studio 2017\projects\new folder\doublelist.h(10): note: see declaration of 'DoubleList<T>::insert'
c:\users\mitchell.nye\documents\visual studio 2017\projects\new folder\doublelist.h(129): error C2995: 'void DoubleList<T>::deleteNode(T *)': function template has already been defined
  c:\users\mitchell.nye\documents\visual studio 2017\projects\new folder\doublelist.h(11): note: see declaration of 'DoubleList<T>::deleteNode'
c:\users\mitchell.nye\documents\visual studio 2017\projects\new folder\doublelist.h(151): error C2995: 'void DoubleList<T>::get(T *)': function template has already been defined
  c:\users\mitchell.nye\documents\visual studio 2017\projects\new folder\doublelist.h(12): note: see declaration of 'DoubleList<T>::get'
c:\users\mitchell.nye\documents\visual studio 2017\projects\new folder\doublelist.h(180): error C2995: 'void DoubleList<T>::popBack(void)': function template has already been defined
  c:\users\mitchell.nye\documents\visual studio 2017\projects\new folder\doublelist.h(14): note: see declaration of 'DoubleList<T>::popBack'
c:\users\mitchell.nye\documents\visual studio 2017\projects\new folder\doublelist.h(211): error C2995: 'void DoubleList<T>::sort(void)': function template has already been defined
  c:\users\mitchell.nye\documents\visual studio 2017\projects\new folder\doublelist.h(16): note: see declaration of 'DoubleList<T>::sort'
c:\users\mitchell.nye\documents\visual studio 2017\projects\new folder\doublelist.h(223): error C2995: 'void DoubleList<T>::print(void)': function template has already been defined
  c:\users\mitchell.nye\documents\visual studio 2017\projects\new folder\doublelist.h(17): note: see declaration of 'DoubleList<T>::print'
c:\users\mitchell.nye\documents\visual studio 2017\projects\new folder\supersetdriver.cpp(22): error C2264: 'DoubleList<Autobot>::DoubleList': error in function definition or declaration; function not called
c:\users\mitchell.nye\documents\visual studio 2017\projects\new folder\supersetdriver.cpp(22): error C2440: 'initializing': cannot convert from 'int' to 'DoubleList<Autobot>'
  c:\users\mitchell.nye\documents\visual studio 2017\projects\new folder\supersetdriver.cpp(22): note: No constructor could take the source type, or constructor overload resolution was ambiguous
c:\users\mitchell.nye\documents\visual studio 2017\projects\new folder\supersetdriver.cpp(54): error C2264: 'DoubleList<int>::DoubleList': error in function definition or declaration; function not called
c:\users\mitchell.nye\documents\visual studio 2017\projects\new folder\supersetdriver.cpp(54): error C2440: 'initializing': cannot convert from 'int' to 'DoubleList<int>'
  c:\users\mitchell.nye\documents\visual studio 2017\projects\new folder\supersetdriver.cpp(54): note: No constructor could take the source type, or constructor overload resolution was ambiguous
  Generating Code...
